<?xml version="1.0" encoding="UTF-8"?>
<testsuite xmlns:xsi="http://www.w3.org/2001/XMLSchema-instance" xsi:noNamespaceSchemaLocation="https://maven.apache.org/surefire/maven-surefire-plugin/xsd/surefire-test-report.xsd" name="TestSuite" time="185.424" tests="5" errors="0" skipped="0" failures="3">
  <properties>
[...]
</properties>
  <testcase name="invalidUserTest" classname="tests.LoginTests" time="33.098">
    <failure message="Expected condition failed: waiting for visibility of element located by By.xpath: //div[@class=&apos;message-error&apos; and text()=&apos;Bitte Ã¼berprÃ¼fen Sie Ihre Eingaben.&apos;] (tried for 20 second(s) with 500 milliseconds interval)" type="org.openqa.selenium.TimeoutException">org.openqa.selenium.TimeoutException: Expected condition failed: waiting for visibility of element located by By.xpath: //div[@class='message-error' and text()='Bitte Ã¼berprÃ¼fen Sie Ihre Eingaben.'] (tried for 20 second(s) with 500 milliseconds interval)
	at tests.LoginTests.invalidUserTest(LoginTests.java:19)
Caused by: org.openqa.selenium.NoSuchElementException: 
no such element: Unable to locate element: {"method":"xpath","selector":"//div[@class='message-error' and text()='Bitte Ã¼berprÃ¼fen Sie Ihre Eingaben.']"}
  (Session info: chrome=77.0.3865.75)
For documentation on this error, please visit: https://www.seleniumhq.org/exceptions/no_such_element.html
Build info: version: '3.141.59', revision: 'e82be7d358', time: '2018-11-14T08:17:03'
System info: host: 'P5RO-PORT1209', ip: '192.168.75.1', os.name: 'Windows 10', os.arch: 'amd64', os.version: '10.0', java.version: '1.8.0_211'
Driver info: org.openqa.selenium.chrome.ChromeDriver
Capabilities {acceptInsecureCerts: false, browserName: chrome, browserVersion: 77.0.3865.75, chrome: {chromedriverVersion: 77.0.3865.40 (f484704e052e0..., userDataDir: C:\Users\cgivan\AppData\Loc...}, goog:chromeOptions: {debuggerAddress: localhost:54083}, javascriptEnabled: true, networkConnectionEnabled: false, pageLoadStrategy: normal, platform: XP, platformName: XP, proxy: Proxy(), setWindowRect: true, strictFileInteractability: false, timeouts: {implicit: 0, pageLoad: 300000, script: 30000}, unhandledPromptBehavior: dismiss and notify}
Session ID: 4460f68a0a70e088d404c36389ff1ada
*** Element info: {Using=xpath, value=//div[@class='message-error' and text()='Bitte Ã¼berprÃ¼fen Sie Ihre Eingaben.']}
	at tests.LoginTests.invalidUserTest(LoginTests.java:19)
</failure>
    <system-err><![CDATA[Starting ChromeDriver 77.0.3865.40 (f484704e052e0b556f8030b65b953dce96503217-refs/branch-heads/3865@{#442}) on port 7288
Only local connections are allowed.
Please protect ports used by ChromeDriver and related test frameworks to prevent access by malicious code.
Sep 16, 2019 10:39:45 AM org.openqa.selenium.remote.ProtocolHandshake createSession
INFO: Detected dialect: W3C
]]></system-err>
  </testcase>
  <testcase name="addProductToCartAndCheckout" classname="tests.ProductTests" time="44.76"/>
  <testcase name="searchElementAndExpectResult" classname="tests.SearchTests" time="13.456"/>
  <testcase name="invalidPasswordTest" classname="tests.LoginTests" time="41.1">
    <failure message="Expected condition failed: waiting for visibility of element located by By.xpath: //div[@class=&apos;message-error&apos; and text()=&apos;Diese E-Mail-Passwort-Kombination ist uns nicht bekannt. Bitte korrigieren Sie Ihre Eingabe.&apos;] (tried for 20 second(s) with 500 milliseconds interval)" type="org.openqa.selenium.TimeoutException">org.openqa.selenium.TimeoutException: Expected condition failed: waiting for visibility of element located by By.xpath: //div[@class='message-error' and text()='Diese E-Mail-Passwort-Kombination ist uns nicht bekannt. Bitte korrigieren Sie Ihre Eingabe.'] (tried for 20 second(s) with 500 milliseconds interval)
	at tests.LoginTests.invalidPasswordTest(LoginTests.java:33)
Caused by: org.openqa.selenium.NoSuchElementException: 
no such element: Unable to locate element: {"method":"xpath","selector":"//div[@class='message-error' and text()='Diese E-Mail-Passwort-Kombination ist uns nicht bekannt. Bitte korrigieren Sie Ihre Eingabe.']"}
  (Session info: chrome=77.0.3865.75)
For documentation on this error, please visit: https://www.seleniumhq.org/exceptions/no_such_element.html
Build info: version: '3.141.59', revision: 'e82be7d358', time: '2018-11-14T08:17:03'
System info: host: 'P5RO-PORT1209', ip: '192.168.75.1', os.name: 'Windows 10', os.arch: 'amd64', os.version: '10.0', java.version: '1.8.0_211'
Driver info: org.openqa.selenium.chrome.ChromeDriver
Capabilities {acceptInsecureCerts: false, browserName: chrome, browserVersion: 77.0.3865.75, chrome: {chromedriverVersion: 77.0.3865.40 (f484704e052e0..., userDataDir: C:\Users\cgivan\AppData\Loc...}, goog:chromeOptions: {debuggerAddress: localhost:54083}, javascriptEnabled: true, networkConnectionEnabled: false, pageLoadStrategy: normal, platform: XP, platformName: XP, proxy: Proxy(), setWindowRect: true, strictFileInteractability: false, timeouts: {implicit: 0, pageLoad: 300000, script: 30000}, unhandledPromptBehavior: dismiss and notify}
Session ID: 4460f68a0a70e088d404c36389ff1ada
*** Element info: {Using=xpath, value=//div[@class='message-error' and text()='Diese E-Mail-Passwort-Kombination ist uns nicht bekannt. Bitte korrigieren Sie Ihre Eingabe.']}
	at tests.LoginTests.invalidPasswordTest(LoginTests.java:33)
</failure>
  </testcase>
  <testcase name="emptyCredentialsTest" classname="tests.LoginTests" time="39.704">
    <failure message="Expected condition failed: waiting for visibility of element located by By.xpath: //div[@class=&apos;message-error&apos; and text()=&apos;Bitte Ã¼berprÃ¼fen Sie Ihre Eingaben.&apos;] (tried for 20 second(s) with 500 milliseconds interval)" type="org.openqa.selenium.TimeoutException">org.openqa.selenium.TimeoutException: Expected condition failed: waiting for visibility of element located by By.xpath: //div[@class='message-error' and text()='Bitte Ã¼berprÃ¼fen Sie Ihre Eingaben.'] (tried for 20 second(s) with 500 milliseconds interval)
	at tests.LoginTests.emptyCredentialsTest(LoginTests.java:47)
Caused by: org.openqa.selenium.NoSuchElementException: 
no such element: Unable to locate element: {"method":"xpath","selector":"//div[@class='message-error' and text()='Bitte Ã¼berprÃ¼fen Sie Ihre Eingaben.']"}
  (Session info: chrome=77.0.3865.75)
For documentation on this error, please visit: https://www.seleniumhq.org/exceptions/no_such_element.html
Build info: version: '3.141.59', revision: 'e82be7d358', time: '2018-11-14T08:17:03'
System info: host: 'P5RO-PORT1209', ip: '192.168.75.1', os.name: 'Windows 10', os.arch: 'amd64', os.version: '10.0', java.version: '1.8.0_211'
Driver info: org.openqa.selenium.chrome.ChromeDriver
Capabilities {acceptInsecureCerts: false, browserName: chrome, browserVersion: 77.0.3865.75, chrome: {chromedriverVersion: 77.0.3865.40 (f484704e052e0..., userDataDir: C:\Users\cgivan\AppData\Loc...}, goog:chromeOptions: {debuggerAddress: localhost:54083}, javascriptEnabled: true, networkConnectionEnabled: false, pageLoadStrategy: normal, platform: XP, platformName: XP, proxy: Proxy(), setWindowRect: true, strictFileInteractability: false, timeouts: {implicit: 0, pageLoad: 300000, script: 30000}, unhandledPromptBehavior: dismiss and notify}
Session ID: 4460f68a0a70e088d404c36389ff1ada
*** Element info: {Using=xpath, value=//div[@class='message-error' and text()='Bitte Ã¼berprÃ¼fen Sie Ihre Eingaben.']}
	at tests.LoginTests.emptyCredentialsTest(LoginTests.java:47)
</failure>
  </testcase>
</testsuite>